<?xml version="1.0" encoding="UTF-8"?>
<!-- Generated by org.testng.reporters.JUnitXMLReporter -->
<testsuite ignored="0" hostname="APL-5CD50835YF" failures="0" tests="3" name="AllTests" time="0.158" errors="0" timestamp="2026-05-05T14:51:12 IST">
  <testcase classname="com.app.LoginTest" name="testLoginSuccess" time="0.03"/>
  <testcase classname="com.app.PaymentTest" name="testPayment" time="0.016"/>
  <testcase classname="com.app.OrderTest" name="testOrder" time="0.008"/>
</testsuite> <!-- AllTests -->
