<?xml version="1.0" encoding="UTF-8"?>
<testng-results ignored="0" total="3" passed="3" failed="0" skipped="0">
  <reporter-output>
  </reporter-output>
  <suite started-at="2026-05-05T14:51:11 IST" name="TestSuite" finished-at="2026-05-05T14:51:12 IST" duration-ms="158">
    <groups>
    </groups>
    <test started-at="2026-05-05T14:51:11 IST" name="AllTests" finished-at="2026-05-05T14:51:12 IST" duration-ms="158">
      <class name="com.app.OrderTest">
        <test-method signature="testOrder()[pri:0, instance:com.app.OrderTest@363ee3a2]" started-at="2026-05-05T14:51:12 IST" name="testOrder" finished-at="2026-05-05T14:51:12 IST" duration-ms="8" status="PASS">
          <reporter-output>
          </reporter-output>
        </test-method> <!-- testOrder -->
      </class> <!-- com.app.OrderTest -->
      <class name="com.app.LoginTest">
        <test-method signature="testLoginSuccess()[pri:0, instance:com.app.LoginTest@7c0c77c7]" started-at="2026-05-05T14:51:11 IST" name="testLoginSuccess" finished-at="2026-05-05T14:51:11 IST" duration-ms="30" status="PASS">
          <reporter-output>
          </reporter-output>
        </test-method> <!-- testLoginSuccess -->
      </class> <!-- com.app.LoginTest -->
      <class name="com.app.PaymentTest">
        <test-method signature="testPayment()[pri:0, instance:com.app.PaymentTest@4386f16]" started-at="2026-05-05T14:51:11 IST" name="testPayment" finished-at="2026-05-05T14:51:12 IST" duration-ms="16" status="PASS">
          <reporter-output>
          </reporter-output>
        </test-method> <!-- testPayment -->
      </class> <!-- com.app.PaymentTest -->
    </test> <!-- AllTests -->
  </suite> <!-- TestSuite -->
</testng-results>
